[2019-05-21 01:18:04] local.ERROR: Call to undefined function name() {"exception":"[object] (Symfony\\Component\\Debug\\Exception\\FatalThrowableError(code: 0): Call to undefined function name() at C:\\Desenvolvimento\\minhaAPI\\minhaAPI\outes\\api.php:22)
[stacktrace]
#0 C:\\Desenvolvimento\\minhaAPI\\minhaAPI\\vendor\\laravel\\framework\\src\\Illuminate\\Routing\\RouteFileRegistrar.php(35): require()
#1 C:\\Desenvolvimento\\minhaAPI\\minhaAPI\\vendor\\laravel\\framework\\src\\Illuminate\\Routing\\Router.php(415): Illuminate\\Routing\\RouteFileRegistrar->register('C:\\\\Desenvolvime...')
#2 C:\\Desenvolvimento\\minhaAPI\\minhaAPI\\vendor\\laravel\\framework\\src\\Illuminate\\Routing\\Router.php(373): Illuminate\\Routing\\Router->loadRoutes('C:\\\\Desenvolvime...')
#3 C:\\Desenvolvimento\\minhaAPI\\minhaAPI\\vendor\\laravel\\framework\\src\\Illuminate\\Routing\\RouteRegistrar.php(121): Illuminate\\Routing\\Router->group(Array, 'C:\\\\Desenvolvime...')
#4 C:\\Desenvolvimento\\minhaAPI\\minhaAPI\\app\\Providers\\RouteServiceProvider.php(71): Illuminate\\Routing\\RouteRegistrar->group('C:\\\\Desenvolvime...')
#5 C:\\Desenvolvimento\\minhaAPI\\minhaAPI\\app\\Providers\\RouteServiceProvider.php(38): App\\Providers\\RouteServiceProvider->mapApiRoutes()
#6 [internal function]: App\\Providers\\RouteServiceProvider->map()
#7 C:\\Desenvolvimento\\minhaAPI\\minhaAPI\\vendor\\laravel\\framework\\src\\Illuminate\\Container\\BoundMethod.php(32): call_user_func_array(Array, Array)
#8 C:\\Desenvolvimento\\minhaAPI\\minhaAPI\\vendor\\laravel\\framework\\src\\Illuminate\\Container\\BoundMethod.php(90): Illuminate\\Container\\BoundMethod::Illuminate\\Container\\{closure}()
#9 C:\\Desenvolvimento\\minhaAPI\\minhaAPI\\vendor\\laravel\\framework\\src\\Illuminate\\Container\\BoundMethod.php(34): Illuminate\\Container\\BoundMethod::callBoundMethod(Object(Illuminate\\Foundation\\Application), Array, Object(Closure))
#10 C:\\Desenvolvimento\\minhaAPI\\minhaAPI\\vendor\\laravel\\framework\\src\\Illuminate\\Container\\Container.php(576): Illuminate\\Container\\BoundMethod::call(Object(Illuminate\\Foundation\\Application), Array, Array, NULL)
#11 C:\\Desenvolvimento\\minhaAPI\\minhaAPI\\vendor\\laravel\\framework\\src\\Illuminate\\Foundation\\Support\\Providers\\RouteServiceProvider.php(87): Illuminate\\Container\\Container->call(Array)
#12 C:\\Desenvolvimento\\minhaAPI\\minhaAPI\\vendor\\laravel\\framework\\src\\Illuminate\\Foundation\\Support\\Providers\\RouteServiceProvider.php(36): Illuminate\\Foundation\\Support\\Providers\\RouteServiceProvider->loadRoutes()
#13 C:\\Desenvolvimento\\minhaAPI\\minhaAPI\\app\\Providers\\RouteServiceProvider.php(28): Illuminate\\Foundation\\Support\\Providers\\RouteServiceProvider->boot()
#14 [internal function]: App\\Providers\\RouteServiceProvider->boot()
#15 C:\\Desenvolvimento\\minhaAPI\\minhaAPI\\vendor\\laravel\\framework\\src\\Illuminate\\Container\\BoundMethod.php(32): call_user_func_array(Array, Array)
#16 C:\\Desenvolvimento\\minhaAPI\\minhaAPI\\vendor\\laravel\\framework\\src\\Illuminate\\Container\\BoundMethod.php(90): Illuminate\\Container\\BoundMethod::Illuminate\\Container\\{closure}()
#17 C:\\Desenvolvimento\\minhaAPI\\minhaAPI\\vendor\\laravel\\framework\\src\\Illuminate\\Container\\BoundMethod.php(34): Illuminate\\Container\\BoundMethod::callBoundMethod(Object(Illuminate\\Foundation\\Application), Array, Object(Closure))
#18 C:\\Desenvolvimento\\minhaAPI\\minhaAPI\\vendor\\laravel\\framework\\src\\Illuminate\\Container\\Container.php(576): Illuminate\\Container\\BoundMethod::call(Object(Illuminate\\Foundation\\Application), Array, Array, NULL)
#19 C:\\Desenvolvimento\\minhaAPI\\minhaAPI\\vendor\\laravel\\framework\\src\\Illuminate\\Foundation\\Application.php(817): Illuminate\\Container\\Container->call(Array)
#20 C:\\Desenvolvimento\\minhaAPI\\minhaAPI\\vendor\\laravel\\framework\\src\\Illuminate\\Foundation\\Application.php(800): Illuminate\\Foundation\\Application->bootProvider(Object(App\\Providers\\RouteServiceProvider))
#21 [internal function]: Illuminate\\Foundation\\Application->Illuminate\\Foundation\\{closure}(Object(App\\Providers\\RouteServiceProvider), 20)
#22 C:\\Desenvolvimento\\minhaAPI\\minhaAPI\\vendor\\laravel\\framework\\src\\Illuminate\\Foundation\\Application.php(801): array_walk(Array, Object(Closure))
#23 C:\\Desenvolvimento\\minhaAPI\\minhaAPI\\vendor\\laravel\\framework\\src\\Illuminate\\Foundation\\Bootstrap\\BootProviders.php(17): Illuminate\\Foundation\\Application->boot()
#24 C:\\Desenvolvimento\\minhaAPI\\minhaAPI\\vendor\\laravel\\framework\\src\\Illuminate\\Foundation\\Application.php(210): Illuminate\\Foundation\\Bootstrap\\BootProviders->bootstrap(Object(Illuminate\\Foundation\\Application))
#25 C:\\Desenvolvimento\\minhaAPI\\minhaAPI\\vendor\\laravel\\framework\\src\\Illuminate\\Foundation\\Http\\Kernel.php(162): Illuminate\\Foundation\\Application->bootstrapWith(Array)
#26 C:\\Desenvolvimento\\minhaAPI\\minhaAPI\\vendor\\laravel\\framework\\src\\Illuminate\\Foundation\\Http\\Kernel.php(146): Illuminate\\Foundation\\Http\\Kernel->bootstrap()
#27 C:\\Desenvolvimento\\minhaAPI\\minhaAPI\\vendor\\laravel\\framework\\src\\Illuminate\\Foundation\\Http\\Kernel.php(116): Illuminate\\Foundation\\Http\\Kernel->sendRequestThroughRouter(Object(Illuminate\\Http\\Request))
#28 C:\\Desenvolvimento\\minhaAPI\\minhaAPI\\public\\index.php(55): Illuminate\\Foundation\\Http\\Kernel->handle(Object(Illuminate\\Http\\Request))
#29 C:\\Desenvolvimento\\minhaAPI\\minhaAPI\\server.php(21): require_once('C:\\\\Desenvolvime...')
#30 {main}
"} 
[2019-05-21 01:18:47] local.ERROR: Call to undefined function name() {"exception":"[object] (Symfony\\Component\\Debug\\Exception\\FatalThrowableError(code: 0): Call to undefined function name() at C:\\Desenvolvimento\\minhaAPI\\minhaAPI\outes\\api.php:22)
[stacktrace]
#0 C:\\Desenvolvimento\\minhaAPI\\minhaAPI\\vendor\\laravel\\framework\\src\\Illuminate\\Routing\\RouteFileRegistrar.php(35): require()
#1 C:\\Desenvolvimento\\minhaAPI\\minhaAPI\\vendor\\laravel\\framework\\src\\Illuminate\\Routing\\Router.php(415): Illuminate\\Routing\\RouteFileRegistrar->register('C:\\\\Desenvolvime...')
#2 C:\\Desenvolvimento\\minhaAPI\\minhaAPI\\vendor\\laravel\\framework\\src\\Illuminate\\Routing\\Router.php(373): Illuminate\\Routing\\Router->loadRoutes('C:\\\\Desenvolvime...')
#3 C:\\Desenvolvimento\\minhaAPI\\minhaAPI\\vendor\\laravel\\framework\\src\\Illuminate\\Routing\\RouteRegistrar.php(121): Illuminate\\Routing\\Router->group(Array, 'C:\\\\Desenvolvime...')
#4 C:\\Desenvolvimento\\minhaAPI\\minhaAPI\\app\\Providers\\RouteServiceProvider.php(71): Illuminate\\Routing\\RouteRegistrar->group('C:\\\\Desenvolvime...')
#5 C:\\Desenvolvimento\\minhaAPI\\minhaAPI\\app\\Providers\\RouteServiceProvider.php(38): App\\Providers\\RouteServiceProvider->mapApiRoutes()
#6 [internal function]: App\\Providers\\RouteServiceProvider->map()
#7 C:\\Desenvolvimento\\minhaAPI\\minhaAPI\\vendor\\laravel\\framework\\src\\Illuminate\\Container\\BoundMethod.php(32): call_user_func_array(Array, Array)
#8 C:\\Desenvolvimento\\minhaAPI\\minhaAPI\\vendor\\laravel\\framework\\src\\Illuminate\\Container\\BoundMethod.php(90): Illuminate\\Container\\BoundMethod::Illuminate\\Container\\{closure}()
#9 C:\\Desenvolvimento\\minhaAPI\\minhaAPI\\vendor\\laravel\\framework\\src\\Illuminate\\Container\\BoundMethod.php(34): Illuminate\\Container\\BoundMethod::callBoundMethod(Object(Illuminate\\Foundation\\Application), Array, Object(Closure))
#10 C:\\Desenvolvimento\\minhaAPI\\minhaAPI\\vendor\\laravel\\framework\\src\\Illuminate\\Container\\Container.php(576): Illuminate\\Container\\BoundMethod::call(Object(Illuminate\\Foundation\\Application), Array, Array, NULL)
#11 C:\\Desenvolvimento\\minhaAPI\\minhaAPI\\vendor\\laravel\\framework\\src\\Illuminate\\Foundation\\Support\\Providers\\RouteServiceProvider.php(87): Illuminate\\Container\\Container->call(Array)
#12 C:\\Desenvolvimento\\minhaAPI\\minhaAPI\\vendor\\laravel\\framework\\src\\Illuminate\\Foundation\\Support\\Providers\\RouteServiceProvider.php(36): Illuminate\\Foundation\\Support\\Providers\\RouteServiceProvider->loadRoutes()
#13 C:\\Desenvolvimento\\minhaAPI\\minhaAPI\\app\\Providers\\RouteServiceProvider.php(28): Illuminate\\Foundation\\Support\\Providers\\RouteServiceProvider->boot()
#14 [internal function]: App\\Providers\\RouteServiceProvider->boot()
#15 C:\\Desenvolvimento\\minhaAPI\\minhaAPI\\vendor\\laravel\\framework\\src\\Illuminate\\Container\\BoundMethod.php(32): call_user_func_array(Array, Array)
#16 C:\\Desenvolvimento\\minhaAPI\\minhaAPI\\vendor\\laravel\\framework\\src\\Illuminate\\Container\\BoundMethod.php(90): Illuminate\\Container\\BoundMethod::Illuminate\\Container\\{closure}()
#17 C:\\Desenvolvimento\\minhaAPI\\minhaAPI\\vendor\\laravel\\framework\\src\\Illuminate\\Container\\BoundMethod.php(34): Illuminate\\Container\\BoundMethod::callBoundMethod(Object(Illuminate\\Foundation\\Application), Array, Object(Closure))
#18 C:\\Desenvolvimento\\minhaAPI\\minhaAPI\\vendor\\laravel\\framework\\src\\Illuminate\\Container\\Container.php(576): Illuminate\\Container\\BoundMethod::call(Object(Illuminate\\Foundation\\Application), Array, Array, NULL)
#19 C:\\Desenvolvimento\\minhaAPI\\minhaAPI\\vendor\\laravel\\framework\\src\\Illuminate\\Foundation\\Application.php(817): Illuminate\\Container\\Container->call(Array)
#20 C:\\Desenvolvimento\\minhaAPI\\minhaAPI\\vendor\\laravel\\framework\\src\\Illuminate\\Foundation\\Application.php(800): Illuminate\\Foundation\\Application->bootProvider(Object(App\\Providers\\RouteServiceProvider))
#21 [internal function]: Illuminate\\Foundation\\Application->Illuminate\\Foundation\\{closure}(Object(App\\Providers\\RouteServiceProvider), 20)
#22 C:\\Desenvolvimento\\minhaAPI\\minhaAPI\\vendor\\laravel\\framework\\src\\Illuminate\\Foundation\\Application.php(801): array_walk(Array, Object(Closure))
#23 C:\\Desenvolvimento\\minhaAPI\\minhaAPI\\vendor\\laravel\\framework\\src\\Illuminate\\Foundation\\Bootstrap\\BootProviders.php(17): Illuminate\\Foundation\\Application->boot()
#24 C:\\Desenvolvimento\\minhaAPI\\minhaAPI\\vendor\\laravel\\framework\\src\\Illuminate\\Foundation\\Application.php(210): Illuminate\\Foundation\\Bootstrap\\BootProviders->bootstrap(Object(Illuminate\\Foundation\\Application))
#25 C:\\Desenvolvimento\\minhaAPI\\minhaAPI\\vendor\\laravel\\framework\\src\\Illuminate\\Foundation\\Http\\Kernel.php(162): Illuminate\\Foundation\\Application->bootstrapWith(Array)
#26 C:\\Desenvolvimento\\minhaAPI\\minhaAPI\\vendor\\laravel\\framework\\src\\Illuminate\\Foundation\\Http\\Kernel.php(146): Illuminate\\Foundation\\Http\\Kernel->bootstrap()
#27 C:\\Desenvolvimento\\minhaAPI\\minhaAPI\\vendor\\laravel\\framework\\src\\Illuminate\\Foundation\\Http\\Kernel.php(116): Illuminate\\Foundation\\Http\\Kernel->sendRequestThroughRouter(Object(Illuminate\\Http\\Request))
#28 C:\\Desenvolvimento\\minhaAPI\\minhaAPI\\public\\index.php(55): Illuminate\\Foundation\\Http\\Kernel->handle(Object(Illuminate\\Http\\Request))
#29 C:\\Desenvolvimento\\minhaAPI\\minhaAPI\\server.php(21): require_once('C:\\\\Desenvolvime...')
#30 {main}
"} 
